app/build/intermediates/manifest_merge_blame_file/debug/manifest-merger-blame-debug-report.txt
1<?xml version="1.0" encoding="utf-8"?>
2<manifest xmlns:android="http://schemas.android.com/apk/res/android"
3    package="de.kai_morich.simple_bluetooth_le_terminal"
4    android:versionCode="1"
5    android:versionName="1.0" >
6
7    <uses-sdk
8        android:minSdkVersion="18"
8-->src\main\AndroidManifest.xml
9        android:targetSdkVersion="29" />
9-->src\main\AndroidManifest.xml
10
11    <uses-permission android:name="android.permission.FOREGROUND_SERVICE" />
11-->src\main\AndroidManifest.xml:6:5-77
11-->src\main\AndroidManifest.xml:6:22-74
12    <uses-permission android:name="android.permission.BLUETOOTH" />
12-->src\main\AndroidManifest.xml:7:5-68
12-->src\main\AndroidManifest.xml:7:22-65
13    <uses-permission android:name="android.permission.BLUETOOTH_ADMIN" />
13-->src\main\AndroidManifest.xml:8:5-74
13-->src\main\AndroidManifest.xml:8:22-71
14    <uses-permission android:name="android.permission.INTERNET" />
14-->src\main\AndroidManifest.xml:9:5-67
14-->src\main\AndroidManifest.xml:9:22-64
15    <uses-permission android:name="android.permission.ACCESS_NETWORK_STATE" />
15-->src\main\AndroidManifest.xml:10:5-79
15-->src\main\AndroidManifest.xml:10:22-76
16    <uses-permission android:name="android.permission.ACCESS_WIFI_STATE" />
16-->src\main\AndroidManifest.xml:11:5-76
16-->src\main\AndroidManifest.xml:11:22-73
17
18    <uses-permission-sdk-23 android:name="android.permission.ACCESS_FINE_LOCATION" />
18-->src\main\AndroidManifest.xml:13:5-86
18-->src\main\AndroidManifest.xml:13:29-83
19
20    <application
20-->src\main\AndroidManifest.xml:15:5-36:19
21        android:appComponentFactory="androidx.core.app.CoreComponentFactory"
21-->[androidx.core:core:1.3.1] AndroidManifest.xml:24:18-86
22        android:debuggable="true"
23        android:icon="@mipmap/icono"
23-->src\main\AndroidManifest.xml:16:9-37
24        android:label="@string/app_name"
24-->src\main\AndroidManifest.xml:17:9-41
25        android:theme="@style/AppTheme" >
25-->src\main\AndroidManifest.xml:18:9-40
26        <activity android:name="de.kai_morich.simple_bluetooth_le_terminal.Rendimiento" />
26-->src\main\AndroidManifest.xml:20:9-58
26-->src\main\AndroidManifest.xml:20:19-46
27        <activity android:name="de.kai_morich.simple_bluetooth_le_terminal.Login" />
27-->src\main\AndroidManifest.xml:21:9-43
27-->src\main\AndroidManifest.xml:21:19-40
28        <activity android:name="de.kai_morich.simple_bluetooth_le_terminal.Dashboard" />
28-->src\main\AndroidManifest.xml:22:9-47
28-->src\main\AndroidManifest.xml:22:19-44
29        <activity android:name="de.kai_morich.simple_bluetooth_le_terminal.MainActivity" />
29-->src\main\AndroidManifest.xml:23:9-50
29-->src\main\AndroidManifest.xml:23:19-47
30        <activity
30-->src\main\AndroidManifest.xml:24:9-33:20
31            android:name="de.kai_morich.simple_bluetooth_le_terminal.SplashScreen"
31-->src\main\AndroidManifest.xml:25:13-41
32            android:label="@string/app_name"
32-->src\main\AndroidManifest.xml:26:13-45
33            android:windowSoftInputMode="stateHidden|adjustResize" >
33-->src\main\AndroidManifest.xml:27:13-67
34            <intent-filter>
34-->src\main\AndroidManifest.xml:28:13-32:29
35                <action android:name="android.intent.action.MAIN" />
35-->src\main\AndroidManifest.xml:29:17-69
35-->src\main\AndroidManifest.xml:29:25-66
36
37                <category android:name="android.intent.category.LAUNCHER" />
37-->src\main\AndroidManifest.xml:31:17-77
37-->src\main\AndroidManifest.xml:31:27-74
38            </intent-filter>
39        </activity>
40
41        <service android:name="de.kai_morich.simple_bluetooth_le_terminal.SerialService" />
41-->src\main\AndroidManifest.xml:35:9-50
41-->src\main\AndroidManifest.xml:35:18-47
42    </application>
43
44</manifest>